<?xml version="1.0" encoding="UTF-8"?>
<!-- Generated by org.testng.reporters.JUnitXMLReporter -->
<testsuite ignored="0" hostname="LAPTOP-KHP3G1HB" failures="0" tests="10" name="Chrome on Windows 10" time="180.678" errors="0" timestamp="10 Mar 2025 05:54:28 GMT">
  <testcase classname="automation.LambdaTestAutomationGrid" name="@BeforeClass setup" time="180.628">
    <failure type="org.openqa.selenium.SessionNotCreatedException" message="Could not start a new session. Possible causes are invalid address of the remote server or browser start-up failure. 
Host info: host: &amp;apos;LAPTOP-KHP3G1HB&amp;apos;, ip: &amp;apos;192.168.227.1&amp;apos;">
      <![CDATA[org.openqa.selenium.SessionNotCreatedException: Could not start a new session. Possible causes are invalid address of the remote server or browser start-up failure. 
Host info: host: 'LAPTOP-KHP3G1HB', ip: '192.168.227.1'
at org.openqa.selenium.remote.RemoteWebDriver.execute(RemoteWebDriver.java:563)
at org.openqa.selenium.remote.RemoteWebDriver.startSession(RemoteWebDriver.java:245)
at org.openqa.selenium.remote.RemoteWebDriver.<init>(RemoteWebDriver.java:174)
at org.openqa.selenium.remote.RemoteWebDriver.<init>(RemoteWebDriver.java:152)
at automation.LambdaTestAutomationGrid.setup(LambdaTestAutomationGrid.java:30)
Caused by: org.openqa.selenium.TimeoutException: java.util.concurrent.TimeoutException
Build info: version: '4.27.0', revision: 'd6e718d134'
System info: os.name: 'Windows 10', os.arch: 'amd64', os.version: '10.0', java.version: '16.0.2'
Driver info: driver.version: RemoteWebDriver
at org.openqa.selenium.remote.http.jdk.JdkHttpClient.execute(JdkHttpClient.java:423)
at org.openqa.selenium.remote.tracing.TracedHttpClient.execute(TracedHttpClient.java:54)
at org.openqa.selenium.remote.ProtocolHandshake.createSession(ProtocolHandshake.java:89)
at org.openqa.selenium.remote.ProtocolHandshake.createSession(ProtocolHandshake.java:75)
at org.openqa.selenium.remote.ProtocolHandshake.createSession(ProtocolHandshake.java:61)
at org.openqa.selenium.remote.HttpCommandExecutor.execute(HttpCommandExecutor.java:162)
at org.openqa.selenium.remote.TracedCommandExecutor.execute(TracedCommandExecutor.java:53)
at org.openqa.selenium.remote.RemoteWebDriver.execute(RemoteWebDriver.java:545)
... 30 more
Caused by: java.util.concurrent.TimeoutException
at java.base/java.util.concurrent.CompletableFuture$Timeout.run(CompletableFuture.java:2870)
at java.base/java.util.concurrent.Executors$RunnableAdapter.call(Executors.java:515)
at java.base/java.util.concurrent.FutureTask.run(FutureTask.java:264)
at java.base/java.util.concurrent.ScheduledThreadPoolExecutor$ScheduledFutureTask.run(ScheduledThreadPoolExecutor.java:304)
at java.base/java.util.concurrent.ThreadPoolExecutor.runWorker(ThreadPoolExecutor.java:1130)
at java.base/java.util.concurrent.ThreadPoolExecutor$Worker.run(ThreadPoolExecutor.java:630)
at java.base/java.lang.Thread.run(Thread.java:831)
... Removed 26 stack frames]]>
    </failure>
  </testcase> <!-- @BeforeClass setup -->
  <testcase classname="automation.LambdaTestAutomationGrid" name="@AfterClass tearDown" time="0.0">
    <skipped/>
  </testcase> <!-- @AfterClass tearDown -->
  <testcase classname="automation.LambdaTestAutomationGrid" name="navigateToLambdaTest" time="0.0">
    <skipped/>
  </testcase> <!-- navigateToLambdaTest -->
  <testcase classname="automation.LambdaTestAutomationGrid" name="clickExploreAllIntegrations" time="0.0">
    <skipped/>
  </testcase> <!-- clickExploreAllIntegrations -->
  <testcase classname="automation.LambdaTestAutomationGrid" name="handleNewTab" time="0.0">
    <skipped/>
  </testcase> <!-- handleNewTab -->
  <testcase classname="automation.LambdaTestAutomationGrid" name="verifyIntegrationsPageURL" time="0.0">
    <skipped/>
  </testcase> <!-- verifyIntegrationsPageURL -->
  <testcase classname="automation.LambdaTestAutomationGrid" name="scrollToCodelessAutomation" time="0.0">
    <skipped/>
  </testcase> <!-- scrollToCodelessAutomation -->
  <testcase classname="automation.LambdaTestAutomationGrid" name="clickTestingWhizIntegration" time="0.0">
    <skipped/>
  </testcase> <!-- clickTestingWhizIntegration -->
  <testcase classname="automation.LambdaTestAutomationGrid" name="verifyTestingWhizPageTitle" time="0.0">
    <skipped/>
  </testcase> <!-- verifyTestingWhizPageTitle -->
  <testcase classname="automation.LambdaTestAutomationGrid" name="closeNewTabAndSwitchBack" time="0.0">
    <skipped/>
  </testcase> <!-- closeNewTabAndSwitchBack -->
  <testcase classname="automation.LambdaTestAutomationGrid" name="navigateToBlog" time="0.0">
    <skipped/>
  </testcase> <!-- navigateToBlog -->
  <testcase classname="automation.LambdaTestAutomationGrid" name="clickCommunityLinkAndVerify" time="0.0">
    <skipped/>
  </testcase> <!-- clickCommunityLinkAndVerify -->
</testsuite> <!-- Chrome on Windows 10 -->
